[0.822s] Invoking command in '/home/psychox/drone_ws/build/drone_sim': DEBUGINFOD_URLS=https://debuginfod.ubuntu.com PYTHONPATH=/home/psychox/drone_ws/build/drone_sim/prefix_override:/usr/lib/python3/dist-packages/colcon_core/task/python/colcon_distutils_commands:/home/psychox/drone_ws/install/drone_sim/lib/python3.12/site-packages:${PYTHONPATH} /usr/bin/python3 -W ignore:setup.py install is deprecated -W ignore:easy_install command is deprecated setup.py develop --editable --build-directory /home/psychox/drone_ws/build/drone_sim/build --no-deps symlink_data
[1.145s] running develop
[1.326s] running egg_info
[1.344s] writing drone_sim.egg-info/PKG-INFO
[1.344s] writing dependency_links to drone_sim.egg-info/dependency_links.txt
[1.344s] writing entry points to drone_sim.egg-info/entry_points.txt
[1.344s] writing requirements to drone_sim.egg-info/requires.txt
[1.345s] writing top-level names to drone_sim.egg-info/top_level.txt
[1.382s] reading manifest file 'drone_sim.egg-info/SOURCES.txt'
[1.383s] writing manifest file 'drone_sim.egg-info/SOURCES.txt'
[1.402s] running build_ext
[1.402s] Creating /home/psychox/drone_ws/install/drone_sim/lib/python3.12/site-packages/drone-sim.egg-link (link to .)
[1.403s] Installing comm_node script to /home/psychox/drone_ws/install/drone_sim/lib/drone_sim
[1.403s] Installing move_node script to /home/psychox/drone_ws/install/drone_sim/lib/drone_sim
[1.403s] Installing realtime_comm_node script to /home/psychox/drone_ws/install/drone_sim/lib/drone_sim
[1.403s] Installing receive_node script to /home/psychox/drone_ws/install/drone_sim/lib/drone_sim
[1.403s] 
[1.404s] Installed /home/psychox/drone_ws/build/drone_sim
[1.404s] running symlink_data
[1.437s] Invoked command in '/home/psychox/drone_ws/build/drone_sim' returned '0': DEBUGINFOD_URLS=https://debuginfod.ubuntu.com PYTHONPATH=/home/psychox/drone_ws/build/drone_sim/prefix_override:/usr/lib/python3/dist-packages/colcon_core/task/python/colcon_distutils_commands:/home/psychox/drone_ws/install/drone_sim/lib/python3.12/site-packages:${PYTHONPATH} /usr/bin/python3 -W ignore:setup.py install is deprecated -W ignore:easy_install command is deprecated setup.py develop --editable --build-directory /home/psychox/drone_ws/build/drone_sim/build --no-deps symlink_data
