[0.512s] Invoking command in '/home/psychox/drone_ws/build/drone_sim': DEBUGINFOD_URLS=https://debuginfod.ubuntu.com PYTHONPATH=/home/psychox/drone_ws/build/drone_sim/prefix_override:/usr/lib/python3/dist-packages/colcon_core/task/python/colcon_distutils_commands:/home/psychox/drone_ws/install/drone_sim/lib/python3.12/site-packages:${PYTHONPATH} /usr/bin/python3 -W ignore:setup.py install is deprecated -W ignore:easy_install command is deprecated setup.py develop --editable --build-directory /home/psychox/drone_ws/build/drone_sim/build --no-deps symlink_data
[0.718s] running develop
[0.839s] running egg_info
[0.839s] creating drone_sim.egg-info
[0.851s] writing drone_sim.egg-info/PKG-INFO
[0.851s] writing dependency_links to drone_sim.egg-info/dependency_links.txt
[0.851s] writing entry points to drone_sim.egg-info/entry_points.txt
[0.851s] writing requirements to drone_sim.egg-info/requires.txt
[0.851s] writing top-level names to drone_sim.egg-info/top_level.txt
[0.851s] writing manifest file 'drone_sim.egg-info/SOURCES.txt'
[0.874s] reading manifest file 'drone_sim.egg-info/SOURCES.txt'
[0.875s] writing manifest file 'drone_sim.egg-info/SOURCES.txt'
[0.887s] running build_ext
[0.888s] Creating /home/psychox/drone_ws/install/drone_sim/lib/python3.12/site-packages/drone-sim.egg-link (link to .)
[0.888s] Installing comm_node script to /home/psychox/drone_ws/install/drone_sim/bin
[0.888s] Installing move_node script to /home/psychox/drone_ws/install/drone_sim/bin
[0.888s] Installing receive_node script to /home/psychox/drone_ws/install/drone_sim/bin
[0.888s] 
[0.888s] Installed /home/psychox/drone_ws/build/drone_sim
[0.888s] running symlink_data
[0.888s] creating /home/psychox/drone_ws/install/drone_sim/share
[0.888s] creating /home/psychox/drone_ws/install/drone_sim/share/drone_sim
[0.888s] creating /home/psychox/drone_ws/install/drone_sim/share/drone_sim/launch
[0.889s] symbolically linking /home/psychox/drone_ws/build/drone_sim/launch/multi_drone_launch.py -> /home/psychox/drone_ws/install/drone_sim/share/drone_sim/launch
[0.889s] creating /home/psychox/drone_ws/install/drone_sim/share/drone_sim/models
[0.889s] creating /home/psychox/drone_ws/install/drone_sim/share/drone_sim/models/quadcopter
[0.889s] symbolically linking /home/psychox/drone_ws/build/drone_sim/drone_sim/models/quadcopter/model.sdf -> /home/psychox/drone_ws/install/drone_sim/share/drone_sim/models/quadcopter
[0.908s] Invoked command in '/home/psychox/drone_ws/build/drone_sim' returned '0': DEBUGINFOD_URLS=https://debuginfod.ubuntu.com PYTHONPATH=/home/psychox/drone_ws/build/drone_sim/prefix_override:/usr/lib/python3/dist-packages/colcon_core/task/python/colcon_distutils_commands:/home/psychox/drone_ws/install/drone_sim/lib/python3.12/site-packages:${PYTHONPATH} /usr/bin/python3 -W ignore:setup.py install is deprecated -W ignore:easy_install command is deprecated setup.py develop --editable --build-directory /home/psychox/drone_ws/build/drone_sim/build --no-deps symlink_data
